/media/mldadmin/home/s123mdg36_03/anaconda3/envs/power/lib/python3.10/site-packages/torch/nn/modules/transformer.py:286: UserWarning: enable_nested_tensor is True, but self.use_nested_tensor is False because encoder_layer.norm_first was True
  warnings.warn(f"enable_nested_tensor is True, but self.use_nested_tensor is False because {why_not_sparsity_fast_path}")
/media/mldadmin/home/s123mdg36_03/anaconda3/envs/power/lib/python3.10/site-packages/scipy/optimize/_slsqp_py.py:437: RuntimeWarning: Values in x were outside bounds during a minimize step, clipping to bounds
  fx = wrapped_fun(x)
/media/mldadmin/home/s123mdg36_03/anaconda3/envs/power/lib/python3.10/site-packages/scipy/optimize/_slsqp_py.py:441: RuntimeWarning: Values in x were outside bounds during a minimize step, clipping to bounds
  g = append(wrapped_grad(x), 0.0)
/media/mldadmin/home/s123mdg36_03/anaconda3/envs/power/lib/python3.10/site-packages/scipy/optimize/_slsqp_py.py:495: RuntimeWarning: Values in x were outside bounds during a minimize step, clipping to bounds
  a_eq = vstack([con['jac'](x, *con['args'])
设备: cuda
隐藏节点数: 20, 隐藏边数: 24
V_H (1-based): [20, 19, 15, 17, 34, 37, 40, 42, 49, 69, 77, 80, 54, 59, 70, 96, 94, 100, 92, 89]
V_H_zero (0-based): [19, 18, 14, 16, 33, 36, 39, 41, 48, 68, 76, 79, 53, 58, 69, 95, 93, 99, 91, 88]
E_H: [20, 24, 25, 44, 49, 52, 56, 65, 66, 74, 75, 83, 105, 107, 118, 122, 123, 140, 141, 144, 147, 149, 153, 154]
✓ 成功初始化优化算法

开始加载模型...
✓ 成功加载模型: GAT (从 model/case118_gat_baseline.pth)
✓ 成功加载模型: GCN Baseline (从 model/case118_gcn_baseline.pth)
✓ 成功加载模型: GAT-CNN (从 model/case118_gat_cnn.pth)
✓ 成功加载模型: CNN Transformer (从 model/case118_cnn_transformer.pth)
✓ 成功加载模型: GAE (从 model/case118_gae.pth)

成功加载 5 个模型: ['GAT', 'GCN Baseline', 'GAT-CNN', 'CNN Transformer', 'GAE']

============================================================
测试 1 条故障线路
============================================================

============================================================
测试 2 条故障线路
============================================================

============================================================
测试 3 条故障线路
============================================================

============================================================
测试 4 条故障线路
============================================================

============================================================
测试 5 条故障线路
============================================================

============================================================
测试 6 条故障线路
============================================================

============================================================
测试 7 条故障线路
============================================================

============================================================
测试 8 条故障线路
============================================================

============================================================
测试 9 条故障线路
============================================================

============================================================
测试 10 条故障线路
============================================================

============================================================
测试 11 条故障线路
============================================================

============================================================
测试 12 条故障线路
============================================================

============================================================
测试 13 条故障线路
============================================================

============================================================
测试 14 条故障线路
============================================================

============================================================
测试 15 条故障线路
============================================================

============================================================
测试 16 条故障线路
============================================================

============================================================
测试 17 条故障线路
============================================================

============================================================
测试 18 条故障线路
============================================================

============================================================
测试 19 条故障线路
============================================================

============================================================
测试 20 条故障线路
============================================================

============================================================
测试 21 条故障线路
============================================================

============================================================
测试 22 条故障线路
============================================================

============================================================
测试 23 条故障线路
============================================================

============================================================
测试 24 条故障线路
============================================================

====================================================================================================
所有算法的误差统计（均值 ± 标准差）
====================================================================================================

算法                        故障数        平均误差            标准差             样本数       
----------------------------------------------------------------------------------------------------
CNN Transformer+FLVLSI    1          0.261061        0.419996        200       
CNN Transformer+FLVLSI    2          0.297463        0.375651        200       
CNN Transformer+FLVLSI    3          0.298295        0.339732        200       
CNN Transformer+FLVLSI    4          0.346700        0.322234        200       
CNN Transformer+FLVLSI    5          0.340871        0.286496        200       
CNN Transformer+FLVLSI    6          0.347589        0.251888        200       
CNN Transformer+FLVLSI    7          0.341432        0.229270        200       
CNN Transformer+FLVLSI    8          0.374073        0.217205        200       
CNN Transformer+FLVLSI    9          0.341688        0.204902        200       
CNN Transformer+FLVLSI    10         0.363964        0.203430        200       
CNN Transformer+FLVLSI    11         0.380704        0.157843        200       
CNN Transformer+FLVLSI    12         0.346710        0.166166        200       
CNN Transformer+FLVLSI    13         0.352428        0.157319        200       
CNN Transformer+FLVLSI    14         0.331683        0.141194        200       
CNN Transformer+FLVLSI    15         0.317232        0.138388        200       
CNN Transformer+FLVLSI    16         0.324953        0.142793        200       
CNN Transformer+FLVLSI    17         0.323071        0.123881        200       
CNN Transformer+FLVLSI    18         0.293476        0.120115        200       
CNN Transformer+FLVLSI    19         0.299084        0.116725        200       
CNN Transformer+FLVLSI    20         0.293336        0.109528        200       
CNN Transformer+FLVLSI    21         0.291750        0.104198        200       
CNN Transformer+FLVLSI    22         0.255182        0.101883        200       
CNN Transformer+FLVLSI    23         0.248539        0.097676        200       
CNN Transformer+FLVLSI    24         0.248342        0.085421        200       
FLD                       1          0.314525        0.472588        200       
FLD                       2          0.359098        0.384404        200       
FLD                       3          0.359565        0.340356        200       
FLD                       4          0.392942        0.321475        200       
FLD                       5          0.390555        0.270722        200       
FLD                       6          0.402920        0.237531        200       
FLD                       7          0.393581        0.215712        200       
FLD                       8          0.418024        0.206469        200       
FLD                       9          0.390329        0.197206        200       
FLD                       10         0.413683        0.194905        200       
FLD                       11         0.429351        0.145126        200       
FLD                       12         0.404600        0.150669        200       
FLD                       13         0.413907        0.143788        200       
FLD                       14         0.395509        0.134427        200       
FLD                       15         0.384998        0.137200        200       
FLD                       16         0.395003        0.136320        200       
FLD                       17         0.399470        0.112688        200       
FLD                       18         0.382163        0.107591        200       
FLD                       19         0.390284        0.104671        200       
FLD                       20         0.393599        0.100381        200       
FLD                       21         0.395754        0.093073        200       
FLD                       22         0.382115        0.089061        200       
FLD                       23         0.385679        0.085646        200       
FLD                       24         0.389740        0.074933        200       
GAE+FLVLSI                1          0.245395        0.416642        200       
GAE+FLVLSI                2          0.300964        0.379613        200       
GAE+FLVLSI                3          0.298295        0.339732        200       
GAE+FLVLSI                4          0.346737        0.322254        200       
GAE+FLVLSI                5          0.342253        0.288049        200       
GAE+FLVLSI                6          0.347677        0.251855        200       
GAE+FLVLSI                7          0.339472        0.228138        200       
GAE+FLVLSI                8          0.374660        0.217831        200       
GAE+FLVLSI                9          0.345378        0.202098        200       
GAE+FLVLSI                10         0.364166        0.202018        200       
GAE+FLVLSI                11         0.379891        0.157388        200       
GAE+FLVLSI                12         0.347120        0.163852        200       
GAE+FLVLSI                13         0.349301        0.156059        200       
GAE+FLVLSI                14         0.334833        0.138812        200       
GAE+FLVLSI                15         0.314992        0.137268        200       
GAE+FLVLSI                16         0.321183        0.144842        200       
GAE+FLVLSI                17         0.323947        0.120467        200       
GAE+FLVLSI                18         0.293425        0.116556        200       
GAE+FLVLSI                19         0.298579        0.114414        200       
GAE+FLVLSI                20         0.294636        0.107502        200       
GAE+FLVLSI                21         0.286672        0.102225        200       
GAE+FLVLSI                22         0.250586        0.099625        200       
GAE+FLVLSI                23         0.247327        0.095980        200       
GAE+FLVLSI                24         0.247732        0.081785        200       
GAT+FLVLSI                1          0.242138        0.409582        200       
GAT+FLVLSI                2          0.293632        0.373552        200       
GAT+FLVLSI                3          0.300367        0.339169        200       
GAT+FLVLSI                4          0.346645        0.322183        200       
GAT+FLVLSI                5          0.340781        0.286449        200       
GAT+FLVLSI                6          0.348345        0.250967        200       
GAT+FLVLSI                7          0.340919        0.229143        200       
GAT+FLVLSI                8          0.373829        0.217974        200       
GAT+FLVLSI                9          0.343504        0.203280        200       
GAT+FLVLSI                10         0.361944        0.203152        200       
GAT+FLVLSI                11         0.381383        0.155819        200       
GAT+FLVLSI                12         0.346322        0.164480        200       
GAT+FLVLSI                13         0.351897        0.156710        200       
GAT+FLVLSI                14         0.333446        0.139474        200       
GAT+FLVLSI                15         0.314528        0.138968        200       
GAT+FLVLSI                16         0.325102        0.142294        200       
GAT+FLVLSI                17         0.325025        0.121346        200       
GAT+FLVLSI                18         0.292614        0.121382        200       
GAT+FLVLSI                19         0.298071        0.117991        200       
GAT+FLVLSI                20         0.295387        0.109582        200       
GAT+FLVLSI                21         0.289683        0.103698        200       
GAT+FLVLSI                22         0.255106        0.100591        200       
GAT+FLVLSI                23         0.248954        0.095421        200       
GAT+FLVLSI                24         0.246556        0.086694        200       
GAT-CNN+FLVLSI            1          0.240732        0.396884        200       
GAT-CNN+FLVLSI            2          0.297968        0.375961        200       
GAT-CNN+FLVLSI            3          0.298274        0.339750        200       
GAT-CNN+FLVLSI            4          0.344220        0.323033        200       
GAT-CNN+FLVLSI            5          0.337930        0.284975        200       
GAT-CNN+FLVLSI            6          0.346424        0.250296        200       
GAT-CNN+FLVLSI            7          0.340238        0.230542        200       
GAT-CNN+FLVLSI            8          0.373069        0.217901        200       
GAT-CNN+FLVLSI            9          0.345108        0.200790        200       
GAT-CNN+FLVLSI            10         0.358526        0.206064        200       
GAT-CNN+FLVLSI            11         0.379310        0.157048        200       
GAT-CNN+FLVLSI            12         0.341688        0.163926        200       
GAT-CNN+FLVLSI            13         0.346615        0.157890        200       
GAT-CNN+FLVLSI            14         0.329812        0.141057        200       
GAT-CNN+FLVLSI            15         0.311542        0.138282        200       
GAT-CNN+FLVLSI            16         0.318371        0.145663        200       
GAT-CNN+FLVLSI            17         0.324133        0.120726        200       
GAT-CNN+FLVLSI            18         0.288794        0.117964        200       
GAT-CNN+FLVLSI            19         0.292885        0.111916        200       
GAT-CNN+FLVLSI            20         0.290924        0.106004        200       
GAT-CNN+FLVLSI            21         0.282074        0.103673        200       
GAT-CNN+FLVLSI            22         0.250145        0.100615        200       
GAT-CNN+FLVLSI            23         0.247073        0.096404        200       
GAT-CNN+FLVLSI            24         0.245253        0.082047        200       
GCN Baseline+FLVLSI       1          0.264626        0.423967        200       
GCN Baseline+FLVLSI       2          0.298493        0.380215        200       
GCN Baseline+FLVLSI       3          0.298295        0.339732        200       
GCN Baseline+FLVLSI       4          0.346654        0.322269        200       
GCN Baseline+FLVLSI       5          0.342563        0.287723        200       
GCN Baseline+FLVLSI       6          0.347974        0.251424        200       
GCN Baseline+FLVLSI       7          0.340902        0.228325        200       
GCN Baseline+FLVLSI       8          0.373925        0.217247        200       
GCN Baseline+FLVLSI       9          0.345454        0.201305        200       
GCN Baseline+FLVLSI       10         0.362620        0.202811        200       
GCN Baseline+FLVLSI       11         0.381400        0.157330        200       
GCN Baseline+FLVLSI       12         0.346034        0.164728        200       
GCN Baseline+FLVLSI       13         0.350679        0.156068        200       
GCN Baseline+FLVLSI       14         0.334754        0.139354        200       
GCN Baseline+FLVLSI       15         0.317146        0.138506        200       
GCN Baseline+FLVLSI       16         0.324580        0.141163        200       
GCN Baseline+FLVLSI       17         0.325250        0.119506        200       
GCN Baseline+FLVLSI       18         0.294895        0.119371        200       
GCN Baseline+FLVLSI       19         0.299255        0.113644        200       
GCN Baseline+FLVLSI       20         0.295281        0.107813        200       
GCN Baseline+FLVLSI       21         0.286536        0.103180        200       
GCN Baseline+FLVLSI       22         0.254039        0.099648        200       
GCN Baseline+FLVLSI       23         0.248137        0.095695        200       
GCN Baseline+FLVLSI       24         0.248789        0.081037        200       

====================================================================================================
按算法汇总（所有故障数）
====================================================================================================

算法                             平均误差            标准差             测试故障数范围             
----------------------------------------------------------------------------------------------------
CNN Transformer+FLVLSI         0.317484        0.217020        1-24                
FLD                            0.390725        0.213366        1-24                
GAE+FLVLSI                     0.316467        0.216634        1-24                
GAT+FLVLSI                     0.316507        0.215944        1-24                
GAT-CNN+FLVLSI                 0.313796        0.215028        1-24                
GCN Baseline+FLVLSI            0.317845        0.216935        1-24                

结果已保存到: fault_diagnosis_summary.csv
详细结果已保存到: fault_diagnosis_detailed.csv
