2025-11-05 17:04:09,775 | INFO | ==== main.py started ====
2025-11-05 17:04:09,775 | INFO | Args: {'model': 'cnn', 'epochs': 500, 'batch': 64, 'lr': 0.0001, 'weight_decay': 0.0001, 'patience': 10, 'seed': 23, 'device': 'cuda:0', 'save_path': None, 'optuna': True, 'trials': 20, 'verbose': True, 'log_file': 'logs/cnn_run.log', 'start_node': 6, 'length_V_H': 8}
2025-11-05 17:04:09,778 | INFO | Optuna study created (direction=minimize). Starting optimize...
2025-11-06 01:16:24,251 | INFO | Best trial: 1
2025-11-06 01:16:24,254 | INFO | Best value: 0.125397200579755
2025-11-06 01:16:24,257 | INFO | Best params: {'lr': 0.00023042730774515904, 'weight_decay': 5.9689483589830246e-05, 'batch_size': 256, 'd_model': 160, 'nhead': 4, 'nlayers': 1, 'dim_ff': 384, 'dropout': 0.09250055961912311}
2025-11-06 01:39:31,241 | INFO | Saved best model to model/case30_cnn_transformer.pth
2025-11-06 01:39:31,241 | INFO | Logs written to logs/cnn_run.log
2025-11-08 15:23:06,990 | INFO | ==== main.py started ====
2025-11-08 15:23:06,991 | INFO | Args: {'model': 'cnn', 'epochs': 500, 'batch': 64, 'lr': 0.0001, 'patience': 20, 'seed': 23, 'device': 'cuda:0', 'save_path': None, 'optuna': True, 'trials': None, 'verbose': True, 'log_file': 'logs/cnn_run.log', 'start_node': 6, 'length_V_H': 8}
2025-11-08 15:23:29,253 | INFO | Optuna study created (direction=minimize). Starting optimize...
2025-11-08 15:26:43,050 | INFO | ==== main.py started ====
2025-11-08 15:26:43,050 | INFO | Args: {'model': 'cnn', 'epochs': 500, 'batch': 64, 'lr': 0.0001, 'patience': 20, 'seed': 23, 'device': 'cuda:0', 'save_path': None, 'optuna': True, 'trials': None, 'verbose': True, 'log_file': 'logs/cnn_run.log', 'start_node': 6, 'length_V_H': 8}
2025-11-08 15:27:04,423 | INFO | Optuna study created (direction=minimize). Starting optimize...
2025-11-10 22:08:54,968 | INFO | ==== main.py started ====
2025-11-10 22:08:54,968 | INFO | Args: {'model': 'cnn', 'epochs': 500, 'batch': 64, 'lr': 0.0001, 'patience': 20, 'seed': 23, 'device': 'cuda:0', 'save_path': None, 'optuna': True, 'trials': 20, 'verbose': True, 'log_file': 'logs/cnn_run.log', 'start_node': 6, 'length_V_H': 8}
2025-11-10 22:09:16,250 | INFO | Optuna study created (direction=minimize). Starting optimize...
2025-11-11 03:53:14,773 | INFO | Best trial: 19
2025-11-11 03:53:14,773 | INFO | Best value: 0.1837794117647059
2025-11-11 03:53:14,773 | INFO | Best params: {'lr': 0.001, 'batch_size': 256, 'd_model': 32, 'nhead': 8, 'nlayers': 3, 'dim_ff': 128, 'dropout': 0.2}
2025-11-11 04:49:07,949 | INFO | Saved best model to model/case30_cnn_transformer.pth
2025-11-11 04:49:07,949 | INFO | Logs written to logs/cnn_run.log
