2025-11-05 12:41:29,037 | INFO | ==== main.py started ====
2025-11-05 12:41:29,037 | INFO | Args: {'model': 'gat', 'epochs': 500, 'batch': 64, 'lr': 0.0001, 'weight_decay': 0.0001, 'patience': 10, 'seed': 23, 'device': 'cuda:1', 'save_path': None, 'optuna': True, 'trials': 20, 'verbose': True, 'log_file': 'logs/gat_run.log', 'start_node': 6, 'length_V_H': 8}
2025-11-05 12:41:29,039 | INFO | Optuna study created (direction=minimize). Starting optimize...
2025-11-05 22:35:03,933 | INFO | Best trial: 13
2025-11-05 22:35:03,933 | INFO | Best value: 0.1417622388107702
2025-11-05 22:35:03,934 | INFO | Best params: {'lr': 0.00012950424480249553, 'weight_decay': 6.822803088699757e-05, 'batch_size': 256, 'gat_layers': 3, 'gat_ch_l1': 64, 'gat_heads_l1': 3, 'gat_ch_l2': 32, 'gat_heads_l2': 4, 'gat_ch_l3': 32, 'gat_heads_l3': 3, 'dropout': 0.0018677047206204847}
2025-11-06 20:22:59,248 | INFO | ==== main.py started ====
2025-11-06 20:22:59,248 | INFO | Args: {'model': 'gat', 'epochs': 500, 'batch': 64, 'lr': 0.0001, 'patience': 20, 'seed': 23, 'device': 'cuda:1', 'save_path': None, 'optuna': True, 'trials': None, 'verbose': True, 'log_file': 'logs/gat_run.log', 'start_node': 6, 'length_V_H': 8}
2025-11-08 15:27:20,302 | INFO | ==== main.py started ====
2025-11-08 15:27:20,303 | INFO | Args: {'model': 'gat', 'epochs': 500, 'batch': 64, 'lr': 0.0001, 'patience': 20, 'seed': 23, 'device': 'cuda:1', 'save_path': None, 'optuna': True, 'trials': None, 'verbose': True, 'log_file': 'logs/gat_run.log', 'start_node': 6, 'length_V_H': 8}
2025-11-08 15:27:41,985 | INFO | Optuna study created (direction=minimize). Starting optimize...
2025-11-10 20:17:01,808 | INFO | ==== main.py started ====
2025-11-10 20:17:01,808 | INFO | Args: {'model': 'gat', 'epochs': 500, 'batch': 64, 'lr': 0.0001, 'patience': 20, 'seed': 23, 'device': 'cuda:1', 'save_path': None, 'optuna': True, 'trials': 20, 'verbose': True, 'log_file': 'logs/gat_run.log', 'start_node': 6, 'length_V_H': 8}
2025-11-10 20:17:24,156 | INFO | Optuna study created (direction=minimize). Starting optimize...
2025-11-10 22:09:06,767 | INFO | ==== main.py started ====
2025-11-10 22:09:06,767 | INFO | Args: {'model': 'gat', 'epochs': 500, 'batch': 64, 'lr': 0.0001, 'patience': 20, 'seed': 23, 'device': 'cuda:1', 'save_path': None, 'optuna': True, 'trials': 20, 'verbose': True, 'log_file': 'logs/gat_run.log', 'start_node': 6, 'length_V_H': 8}
2025-11-10 22:09:28,321 | INFO | Optuna study created (direction=minimize). Starting optimize...
2025-11-11 17:04:43,596 | INFO | Best trial: 16
2025-11-11 17:04:43,597 | INFO | Best value: 0.19999509803921567
2025-11-11 17:04:43,597 | INFO | Best params: {'lr': 0.001, 'batch_size': 64, 'gat_layers': 5, 'gat_width': 32, 'gat_heads': 6, 'dropout': 0.2}
2025-11-11 17:26:22,337 | INFO | Saved best model to model/case30_fault_localization.pth
2025-11-11 17:26:22,338 | INFO | Logs written to logs/gat_run.log
2025-11-12 01:02:04,969 | INFO | ==== main.py started ====
2025-11-12 01:02:04,969 | INFO | Args: {'model': 'gat', 'epochs': 500, 'batch': 64, 'lr': 0.0001, 'patience': 20, 'seed': 23, 'device': 'cuda:0', 'save_path': None, 'optuna': True, 'trials': 20, 'verbose': True, 'log_file': 'logs/gat_run.log', 'start_node': 6, 'length_V_H': 8, 'd_model': None, 'nhead': None, 'nlayers': None, 'dim_ff': None, 'dropout': None, 'batch_size': None}
2025-11-12 01:02:26,479 | INFO | Optuna study created (direction=minimize). Starting optimize...
2025-11-12 13:05:57,792 | INFO | Best trial: 11
2025-11-12 13:05:57,792 | INFO | Best value: 0.21548039215686277
2025-11-12 13:05:57,792 | INFO | Best params: {'lr': 0.0001, 'batch_size': 128, 'gat_layers': 3, 'gat_width': 64, 'gat_heads': 6, 'dropout': 0.2}
2025-11-12 13:33:30,745 | INFO | Saved best model to model/case30_fault_localization.pth
2025-11-12 13:33:30,745 | INFO | Logs written to logs/gat_run.log
2025-11-12 21:00:22,592 | INFO | ==== main.py started ====
2025-11-12 21:00:22,592 | INFO | Args: {'model': 'gat', 'epochs': 500, 'batch': 64, 'lr': 0.0001, 'patience': 20, 'seed': 23, 'device': 'cuda:0', 'save_path': None, 'optuna': True, 'trials': None, 'verbose': True, 'log_file': 'logs/gat_run.log', 'start_node': 6, 'length_V_H': 8, 'd_model': None, 'nhead': None, 'nlayers': None, 'dim_ff': None, 'dropout': None, 'batch_size': None, 'gat_layers': None, 'gat_width': None, 'gat_heads': None, 'use_tokenizer': None, 'use_pos_encoding': None, 'use_transformer': None}
2025-11-12 21:00:43,927 | INFO | Optuna study created (direction=minimize). Starting optimize...
2025-11-13 10:51:25,090 | INFO | ==== main.py started ====
2025-11-13 10:51:25,090 | INFO | Args: {'model': 'gat', 'epochs': 500, 'batch': 64, 'lr': 0.0001, 'patience': 20, 'seed': 23, 'device': 'cuda:0', 'save_path': None, 'optuna': True, 'trials': 20, 'verbose': True, 'log_file': 'logs/gat_run.log', 'start_node': 6, 'length_V_H': 8, 'd_model': None, 'nhead': None, 'nlayers': None, 'dim_ff': None, 'dropout': None, 'batch_size': None, 'gat_layers': None, 'gat_width': None, 'gat_heads': None, 'use_tokenizer': None, 'use_pos_encoding': None, 'use_transformer': None}
2025-11-13 10:51:46,422 | INFO | Optuna study created (direction=minimize). Starting optimize...
2025-11-14 03:35:32,580 | INFO | Best trial: 13
2025-11-14 03:35:32,580 | INFO | Best value: 0.18619607843137254
2025-11-14 03:35:32,580 | INFO | Best params: {'lr': 0.0001, 'batch_size': 128, 'gat_layers': 5, 'gat_width': 128, 'gat_heads': 6, 'dropout': 0.2}
2025-11-14 04:07:58,616 | INFO | Saved best model to model/case30_fault_localization.pth
2025-11-14 04:07:58,616 | INFO | Logs written to logs/gat_run.log
